<?xml version="1.0" encoding="UTF-8"?>
<!-- Generated by org.testng.reporters.JUnitXMLReporter -->
<testsuite ignored="0" hostname="LERA-QA" failures="1" tests="3" name="Test" time="23.781" errors="0" timestamp="2022-11-10T10:07:43 IST">
  <testcase classname="com.Eficaz.TestCases.TC_Login_001" name="VefifyLogin" time="3.56"/>
  <testcase classname="com.Eficaz.TestCases.TC_AddRole_002" name="VerifyAddRole" time="6.21">
    <failure type="java.lang.AssertionError" message="expected [true] but found [false]">
      <![CDATA[java.lang.AssertionError: expected [true] but found [false]
at com.Eficaz.TestCases.TC_AddRole_002.VerifyAddRole(TC_AddRole_002.java:102)
at java.base/java.util.ArrayList.forEach(ArrayList.java:1511)
... Removed 31 stack frames]]>
    </failure>
  </testcase> <!-- VerifyAddRole -->
  <testcase classname="com.Eficaz.TestCases.TC_AddUser_003" name="VerifyAdduser" time="6.566"/>
</testsuite> <!-- Test -->
