<?xml version="1.0" encoding="UTF-8"?>
<!-- Generated by org.testng.reporters.JUnitXMLReporter -->
<testsuite ignored="0" hostname="LERA-QA" failures="0" tests="3" name="Test" time="22.919" errors="0" timestamp="2022-11-10T10:20:29 IST">
  <testcase classname="com.Eficaz.TestCases.TC_Login_001" name="VefifyLogin" time="3.79"/>
  <testcase classname="com.Eficaz.TestCases.TC_AddRole_002" name="VerifyAddRole" time="6.29"/>
  <testcase classname="com.Eficaz.TestCases.TC_AddUser_003" name="VerifyAdduser" time="5.84"/>
</testsuite> <!-- Test -->
