<?xml version="1.0" encoding="UTF-8"?>
<testng-results ignored="0" total="3" passed="3" failed="0" skipped="0">
  <reporter-output>
  </reporter-output>
  <suite started-at="2022-11-10T10:20:06 IST" name="EficazSuite" finished-at="2022-11-10T10:20:29 IST" duration-ms="22919">
    <groups>
    </groups>
    <test started-at="2022-11-10T10:20:06 IST" name="Test" finished-at="2022-11-10T10:20:29 IST" duration-ms="22919">
      <class name="com.Eficaz.TestCases.TC_AddRole_002">
        <test-method is-config="true" signature="initializeBrowser()[pri:0, instance:com.Eficaz.TestCases.TC_AddRole_002@59fd97a8]" started-at="2022-11-10T10:20:14 IST" name="initializeBrowser" finished-at="2022-11-10T10:20:15 IST" duration-ms="1335" status="PASS">
          <reporter-output>
          </reporter-output>
        </test-method> <!-- initializeBrowser -->
        <test-method signature="VerifyAddRole()[pri:0, instance:com.Eficaz.TestCases.TC_AddRole_002@59fd97a8]" started-at="2022-11-10T10:20:15 IST" name="VerifyAddRole" finished-at="2022-11-10T10:20:22 IST" duration-ms="6290" status="PASS">
          <reporter-output>
          </reporter-output>
        </test-method> <!-- VerifyAddRole -->
        <test-method is-config="true" signature="closure()[pri:0, instance:com.Eficaz.TestCases.TC_AddRole_002@59fd97a8]" started-at="2022-11-10T10:20:22 IST" name="closure" finished-at="2022-11-10T10:20:22 IST" duration-ms="324" status="PASS">
          <reporter-output>
          </reporter-output>
        </test-method> <!-- closure -->
      </class> <!-- com.Eficaz.TestCases.TC_AddRole_002 -->
      <class name="com.Eficaz.TestCases.TC_Login_001">
        <test-method is-config="true" signature="initializeBrowser()[pri:0, instance:com.Eficaz.TestCases.TC_Login_001@1ab3a8c8]" started-at="2022-11-10T10:20:07 IST" name="initializeBrowser" finished-at="2022-11-10T10:20:10 IST" duration-ms="2969" status="PASS">
          <reporter-output>
          </reporter-output>
        </test-method> <!-- initializeBrowser -->
        <test-method signature="VefifyLogin()[pri:0, instance:com.Eficaz.TestCases.TC_Login_001@1ab3a8c8]" started-at="2022-11-10T10:20:10 IST" name="VefifyLogin" finished-at="2022-11-10T10:20:14 IST" duration-ms="3790" status="PASS">
          <reporter-output>
          </reporter-output>
        </test-method> <!-- VefifyLogin -->
        <test-method is-config="true" signature="closure()[pri:0, instance:com.Eficaz.TestCases.TC_Login_001@1ab3a8c8]" started-at="2022-11-10T10:20:14 IST" name="closure" finished-at="2022-11-10T10:20:14 IST" duration-ms="379" status="PASS">
          <reporter-output>
          </reporter-output>
        </test-method> <!-- closure -->
      </class> <!-- com.Eficaz.TestCases.TC_Login_001 -->
      <class name="com.Eficaz.TestCases.TC_AddUser_003">
        <test-method is-config="true" signature="initializeBrowser()[pri:0, instance:com.Eficaz.TestCases.TC_AddUser_003@f5ac9e4]" started-at="2022-11-10T10:20:22 IST" name="initializeBrowser" finished-at="2022-11-10T10:20:23 IST" duration-ms="1301" status="PASS">
          <reporter-output>
          </reporter-output>
        </test-method> <!-- initializeBrowser -->
        <test-method signature="VerifyAdduser()[pri:0, instance:com.Eficaz.TestCases.TC_AddUser_003@f5ac9e4]" started-at="2022-11-10T10:20:23 IST" name="VerifyAdduser" finished-at="2022-11-10T10:20:29 IST" duration-ms="5840" status="PASS">
          <reporter-output>
          </reporter-output>
        </test-method> <!-- VerifyAdduser -->
        <test-method is-config="true" signature="closure()[pri:0, instance:com.Eficaz.TestCases.TC_AddUser_003@f5ac9e4]" started-at="2022-11-10T10:20:29 IST" name="closure" finished-at="2022-11-10T10:20:29 IST" duration-ms="348" status="PASS">
          <reporter-output>
          </reporter-output>
        </test-method> <!-- closure -->
      </class> <!-- com.Eficaz.TestCases.TC_AddUser_003 -->
    </test> <!-- Test -->
  </suite> <!-- EficazSuite -->
</testng-results>
